<?xml version="1.0" encoding="UTF-8"?>
<!-- Generated by org.testng.reporters.JUnitReportReporter -->
<testsuite hostname="DESKTOP-IU8LP5K" failures="0" tests="2" name="cucumberOptions.TestNGTestRunner" time="1.834" errors="2" timestamp="2025-04-09T19:59:36 IST" skipped="0">
  <testcase classname="cucumberOptions.TestNGTestRunner" name="runScenario" time="0.918">
    <error message="Cannot invoke &quot;org.openqa.selenium.WebDriver.manage()&quot; because &quot;this.driver&quot; is null" type="java.lang.NullPointerException">
      <![CDATA[java.lang.NullPointerException: Cannot invoke "org.openqa.selenium.WebDriver.manage()" because "this.driver" is null
at utils.TestBase.WebDriverManager(TestBase.java:34)
at utils.TestContextSetup.<init>(TestContextSetup.java:19)
at java.base/jdk.internal.reflect.DirectConstructorHandleAccessor.newInstance(DirectConstructorHandleAccessor.java:62)
at java.base/java.lang.reflect.Constructor.newInstanceWithCaller(Constructor.java:502)
at java.base/java.lang.reflect.Constructor.newInstance(Constructor.java:486)
at org.picocontainer.injectors.AbstractInjector.newInstance(AbstractInjector.java:145)
at org.picocontainer.injectors.ConstructorInjector$1.run(ConstructorInjector.java:342)
at org.picocontainer.injectors.AbstractInjector$ThreadLocalCyclicDependencyGuard.observe(AbstractInjector.java:270)
at org.picocontainer.injectors.ConstructorInjector.getComponentInstance(ConstructorInjector.java:364)
at org.picocontainer.injectors.AbstractInjectionFactory$LifecycleAdapter.getComponentInstance(AbstractInjectionFactory.java:56)
at org.picocontainer.behaviors.AbstractBehavior.getComponentInstance(AbstractBehavior.java:64)
at org.picocontainer.behaviors.Stored.getComponentInstance(Stored.java:91)
at org.picocontainer.DefaultPicoContainer.getInstance(DefaultPicoContainer.java:699)
at org.picocontainer.DefaultPicoContainer.getComponent(DefaultPicoContainer.java:647)
at org.picocontainer.DefaultPicoContainer.getComponent(DefaultPicoContainer.java:632)
at org.picocontainer.parameters.BasicComponentParameter$1.resolveInstance(BasicComponentParameter.java:118)
at org.picocontainer.parameters.ComponentParameter$1.resolveInstance(ComponentParameter.java:136)
at org.picocontainer.injectors.SingleMemberInjector.getParameter(SingleMemberInjector.java:78)
at org.picocontainer.injectors.ConstructorInjector$CtorAndAdapters.getParameterArguments(ConstructorInjector.java:309)
at org.picocontainer.injectors.ConstructorInjector$1.run(ConstructorInjector.java:335)
at org.picocontainer.injectors.AbstractInjector$ThreadLocalCyclicDependencyGuard.observe(AbstractInjector.java:270)
at org.picocontainer.injectors.ConstructorInjector.getComponentInstance(ConstructorInjector.java:364)
at org.picocontainer.injectors.AbstractInjectionFactory$LifecycleAdapter.getComponentInstance(AbstractInjectionFactory.java:56)
at org.picocontainer.behaviors.AbstractBehavior.getComponentInstance(AbstractBehavior.java:64)
at org.picocontainer.behaviors.Stored.getComponentInstance(Stored.java:91)
at org.picocontainer.DefaultPicoContainer.getInstance(DefaultPicoContainer.java:699)
at org.picocontainer.DefaultPicoContainer.getComponent(DefaultPicoContainer.java:647)
at org.picocontainer.DefaultPicoContainer.getComponent(DefaultPicoContainer.java:678)
at io.cucumber.picocontainer.PicoFactory.getInstance(PicoFactory.java:64)
at io.cucumber.java.AbstractGlueDefinition.invokeMethod(AbstractGlueDefinition.java:47)
at io.cucumber.java.JavaStepDefinition.execute(JavaStepDefinition.java:29)
at io.cucumber.core.runner.CoreStepDefinition.execute(CoreStepDefinition.java:66)
at io.cucumber.core.runner.PickleStepDefinitionMatch.runStep(PickleStepDefinitionMatch.java:62)
at io.cucumber.core.runner.ExecutionMode$1.execute(ExecutionMode.java:10)
at io.cucumber.core.runner.TestStep.executeStep(TestStep.java:81)
at io.cucumber.core.runner.TestStep.run(TestStep.java:53)
at io.cucumber.core.runner.PickleStepTestStep.run(PickleStepTestStep.java:51)
at io.cucumber.core.runner.TestCase.run(TestCase.java:84)
at io.cucumber.core.runner.Runner.runPickle(Runner.java:75)
at io.cucumber.testng.TestNGCucumberRunner.lambda$runScenario$1(TestNGCucumberRunner.java:135)
at io.cucumber.core.runtime.CucumberExecutionContext.lambda$runTestCase$5(CucumberExecutionContext.java:136)
at io.cucumber.core.runtime.RethrowingThrowableCollector.executeAndThrow(RethrowingThrowableCollector.java:23)
at io.cucumber.core.runtime.CucumberExecutionContext.runTestCase(CucumberExecutionContext.java:136)
at io.cucumber.testng.TestNGCucumberRunner.runScenario(TestNGCucumberRunner.java:132)
at io.cucumber.testng.AbstractTestNGCucumberTests.runScenario(AbstractTestNGCucumberTests.java:35)
at java.base/jdk.internal.reflect.DirectMethodHandleAccessor.invoke(DirectMethodHandleAccessor.java:103)
at java.base/java.lang.reflect.Method.invoke(Method.java:580)
at org.testng.internal.invokers.MethodInvocationHelper.invokeMethod(MethodInvocationHelper.java:141)
at org.testng.internal.invokers.TestInvoker.invokeMethod(TestInvoker.java:686)
at org.testng.internal.invokers.TestInvoker.invokeTestMethod(TestInvoker.java:230)
at org.testng.internal.invokers.TestMethodWithDataProviderMethodWorker.call(TestMethodWithDataProviderMethodWorker.java:81)
at org.testng.internal.thread.Async$AsyncTask.run(Async.java:34)
at java.base/java.util.concurrent.ThreadPoolExecutor.runWorker(ThreadPoolExecutor.java:1144)
at java.base/java.util.concurrent.ThreadPoolExecutor$Worker.run(ThreadPoolExecutor.java:642)
at java.base/java.lang.Thread.run(Thread.java:1583)
]]>
    </error>
  </testcase> <!-- runScenario -->
  <testcase classname="cucumberOptions.TestNGTestRunner" name="runScenario" time="0.916">
    <error message="Cannot invoke &quot;org.openqa.selenium.WebDriver.manage()&quot; because &quot;this.driver&quot; is null" type="java.lang.NullPointerException">
      <![CDATA[java.lang.NullPointerException: Cannot invoke "org.openqa.selenium.WebDriver.manage()" because "this.driver" is null
at utils.TestBase.WebDriverManager(TestBase.java:34)
at utils.TestContextSetup.<init>(TestContextSetup.java:19)
at java.base/jdk.internal.reflect.DirectConstructorHandleAccessor.newInstance(DirectConstructorHandleAccessor.java:62)
at java.base/java.lang.reflect.Constructor.newInstanceWithCaller(Constructor.java:502)
at java.base/java.lang.reflect.Constructor.newInstance(Constructor.java:486)
at org.picocontainer.injectors.AbstractInjector.newInstance(AbstractInjector.java:145)
at org.picocontainer.injectors.ConstructorInjector$1.run(ConstructorInjector.java:342)
at org.picocontainer.injectors.AbstractInjector$ThreadLocalCyclicDependencyGuard.observe(AbstractInjector.java:270)
at org.picocontainer.injectors.ConstructorInjector.getComponentInstance(ConstructorInjector.java:364)
at org.picocontainer.injectors.AbstractInjectionFactory$LifecycleAdapter.getComponentInstance(AbstractInjectionFactory.java:56)
at org.picocontainer.behaviors.AbstractBehavior.getComponentInstance(AbstractBehavior.java:64)
at org.picocontainer.behaviors.Stored.getComponentInstance(Stored.java:91)
at org.picocontainer.DefaultPicoContainer.getInstance(DefaultPicoContainer.java:699)
at org.picocontainer.DefaultPicoContainer.getComponent(DefaultPicoContainer.java:647)
at org.picocontainer.DefaultPicoContainer.getComponent(DefaultPicoContainer.java:632)
at org.picocontainer.parameters.BasicComponentParameter$1.resolveInstance(BasicComponentParameter.java:118)
at org.picocontainer.parameters.ComponentParameter$1.resolveInstance(ComponentParameter.java:136)
at org.picocontainer.injectors.SingleMemberInjector.getParameter(SingleMemberInjector.java:78)
at org.picocontainer.injectors.ConstructorInjector$CtorAndAdapters.getParameterArguments(ConstructorInjector.java:309)
at org.picocontainer.injectors.ConstructorInjector$1.run(ConstructorInjector.java:335)
at org.picocontainer.injectors.AbstractInjector$ThreadLocalCyclicDependencyGuard.observe(AbstractInjector.java:270)
at org.picocontainer.injectors.ConstructorInjector.getComponentInstance(ConstructorInjector.java:364)
at org.picocontainer.injectors.AbstractInjectionFactory$LifecycleAdapter.getComponentInstance(AbstractInjectionFactory.java:56)
at org.picocontainer.behaviors.AbstractBehavior.getComponentInstance(AbstractBehavior.java:64)
at org.picocontainer.behaviors.Stored.getComponentInstance(Stored.java:91)
at org.picocontainer.DefaultPicoContainer.getInstance(DefaultPicoContainer.java:699)
at org.picocontainer.DefaultPicoContainer.getComponent(DefaultPicoContainer.java:647)
at org.picocontainer.DefaultPicoContainer.getComponent(DefaultPicoContainer.java:678)
at io.cucumber.picocontainer.PicoFactory.getInstance(PicoFactory.java:64)
at io.cucumber.java.AbstractGlueDefinition.invokeMethod(AbstractGlueDefinition.java:47)
at io.cucumber.java.JavaStepDefinition.execute(JavaStepDefinition.java:29)
at io.cucumber.core.runner.CoreStepDefinition.execute(CoreStepDefinition.java:66)
at io.cucumber.core.runner.PickleStepDefinitionMatch.runStep(PickleStepDefinitionMatch.java:62)
at io.cucumber.core.runner.ExecutionMode$1.execute(ExecutionMode.java:10)
at io.cucumber.core.runner.TestStep.executeStep(TestStep.java:81)
at io.cucumber.core.runner.TestStep.run(TestStep.java:53)
at io.cucumber.core.runner.PickleStepTestStep.run(PickleStepTestStep.java:51)
at io.cucumber.core.runner.TestCase.run(TestCase.java:84)
at io.cucumber.core.runner.Runner.runPickle(Runner.java:75)
at io.cucumber.testng.TestNGCucumberRunner.lambda$runScenario$1(TestNGCucumberRunner.java:135)
at io.cucumber.core.runtime.CucumberExecutionContext.lambda$runTestCase$5(CucumberExecutionContext.java:136)
at io.cucumber.core.runtime.RethrowingThrowableCollector.executeAndThrow(RethrowingThrowableCollector.java:23)
at io.cucumber.core.runtime.CucumberExecutionContext.runTestCase(CucumberExecutionContext.java:136)
at io.cucumber.testng.TestNGCucumberRunner.runScenario(TestNGCucumberRunner.java:132)
at io.cucumber.testng.AbstractTestNGCucumberTests.runScenario(AbstractTestNGCucumberTests.java:35)
at java.base/jdk.internal.reflect.DirectMethodHandleAccessor.invoke(DirectMethodHandleAccessor.java:103)
at java.base/java.lang.reflect.Method.invoke(Method.java:580)
at org.testng.internal.invokers.MethodInvocationHelper.invokeMethod(MethodInvocationHelper.java:141)
at org.testng.internal.invokers.TestInvoker.invokeMethod(TestInvoker.java:686)
at org.testng.internal.invokers.TestInvoker.invokeTestMethod(TestInvoker.java:230)
at org.testng.internal.invokers.TestMethodWithDataProviderMethodWorker.call(TestMethodWithDataProviderMethodWorker.java:81)
at org.testng.internal.thread.Async$AsyncTask.run(Async.java:34)
at java.base/java.util.concurrent.ThreadPoolExecutor.runWorker(ThreadPoolExecutor.java:1144)
at java.base/java.util.concurrent.ThreadPoolExecutor$Worker.run(ThreadPoolExecutor.java:642)
at java.base/java.lang.Thread.run(Thread.java:1583)
]]>
    </error>
  </testcase> <!-- runScenario -->
</testsuite> <!-- cucumberOptions.TestNGTestRunner -->
